<?xml version="1.0" encoding="UTF-8"?>
<!-- Generated by org.testng.reporters.JUnitReportReporter -->
<testsuite skipped="0" hostname="SILCP0102" name="ReporterDemo" tests="2" failures="0" timestamp="18 Aug 2017 11:09:39 GMT" time="12.475" errors="0">
  <testcase name="testReport" time="12.464" classname="ReporterDemo"/>
  <testcase name="newReport" time="0.011" classname="ReporterDemo"/>
</testsuite> <!-- ReporterDemo -->
